<?xml version="1.0" encoding="utf-8"?><testsuites name="pytest tests"><testsuite name="pytest" errors="0" failures="0" skipped="0" tests="9" time="1.579" timestamp="2026-04-22T07:30:26.381765+00:00" hostname="agent-env-ef94c00f-e5e0-4cd3-8a8f-5edece414e6e"><testcase classname="backend.tests.test_aspen_api.TestAuth" name="test_login_wrong_password" time="0.295" /><testcase classname="backend.tests.test_aspen_api.TestAuth" name="test_login_correct_password" time="0.110" /><testcase classname="backend.tests.test_aspen_api.TestSite" name="test_site_info" time="0.141" /><testcase classname="backend.tests.test_aspen_api.TestBau" name="test_supply_demand" time="0.136" /><testcase classname="backend.tests.test_aspen_api.TestBau" name="test_bau_projection" time="0.135" /><testcase classname="backend.tests.test_aspen_api.TestTrueCost" name="test_breakdown" time="0.119" /><testcase classname="backend.tests.test_aspen_api.TestScenario" name="test_default_scenario" time="0.103" /><testcase classname="backend.tests.test_aspen_api.TestScenario" name="test_increased_rainwater_increases_savings" time="0.173" /><testcase classname="backend.tests.test_aspen_api.TestInitiatives" name="test_initiatives" time="0.158" /></testsuite></testsuites>