<?xml version="1.0" encoding="utf-8"?><testsuites name="pytest tests"><testsuite name="pytest" errors="0" failures="0" skipped="0" tests="8" time="1.469" timestamp="2026-05-12T09:40:49.186563+00:00" hostname="agent-env-ef94c00f-e5e0-4cd3-8a8f-5edece414e6e"><testcase classname="backend.tests.test_scenario_assumptions" name="test_login_success" time="0.150" /><testcase classname="backend.tests.test_scenario_assumptions" name="test_login_failure" time="0.103" /><testcase classname="backend.tests.test_scenario_assumptions" name="test_scenario_defaults_full_strategy" time="0.116" /><testcase classname="backend.tests.test_scenario_assumptions" name="test_scenario_high_wur_increases_savings" time="0.110" /><testcase classname="backend.tests.test_scenario_assumptions" name="test_scenario_zero_tariff_escalation_lowers_bau_cost_ratio" time="0.321" /><testcase classname="backend.tests.test_scenario_assumptions" name="test_scenario_high_treatment_escalation_raises_bau_2050" time="0.244" /><testcase classname="backend.tests.test_scenario_assumptions" name="test_scenario_validation_out_of_bounds" time="0.244" /><testcase classname="backend.tests.test_scenario_assumptions" name="test_scenario_rows_schema" time="0.116" /></testsuite></testsuites>